/home/raelon/Projects/pyShelf/src/backend/tests/library_test.py:19: warning: Compound pyShelf::src::backend::tests::library_test::Test_Catalogue is not documented.
/home/raelon/Projects/pyShelf/src/backend/tests/library_test.py:28: warning: Compound pyShelf::src::backend::tests::library_test::TestCatalogue is not documented.
/home/raelon/Projects/pyShelf/src/interface/models.py:18: warning: Compound pyShelf::src::interface::models::Books::Meta is not documented.
/home/raelon/Projects/pyShelf/src/backend/tests/config_test.py:6: warning: Compound pyShelf::src::backend::tests::config_test::TestConfig is not documented.
/home/raelon/Projects/pyShelf/src/interface/apps.py:4: warning: Compound pyShelf::src::interface::apps::InterfaceConfig is not documented.
/home/raelon/Projects/pyShelf/src/backend/tests/library_test.py:8: warning: Compound pyShelf::src::backend::tests::library_test::Test_Config is not documented.
/home/raelon/Projects/pyShelf/src/interface/migrations/0001_initial.py:6: warning: Compound pyShelf::src::interface::migrations::0001_initial::Migration is not documented.
/home/raelon/Projects/pyShelf/src/backend/lib/api_hooks.py:12: warning: Member __init__(self) (function) of class pyShelf::src::backend::lib::api_hooks::DuckDuckGo is not documented.
/home/raelon/Projects/pyShelf/src/backend/lib/api_hooks.py:13: warning: Member url (variable) of class pyShelf::src::backend::lib::api_hooks::DuckDuckGo is not documented.
/home/raelon/Projects/pyShelf/src/backend/lib/api_hooks.py:15: warning: return type of member pyShelf.src.backend.lib.api_hooks.DuckDuckGo.image_result is not documented
/home/raelon/Projects/pyShelf/src/backend/lib/config.py:14: warning: Member __init__(self, root) (function) of class pyShelf::src::backend::lib::config::Config is not documented.
/home/raelon/Projects/pyShelf/src/backend/lib/config.py:17: warning: Member book_path (variable) of class pyShelf::src::backend::lib::config::Config is not documented.
/home/raelon/Projects/pyShelf/src/backend/lib/config.py:18: warning: Member TITLE (variable) of class pyShelf::src::backend::lib::config::Config is not documented.
/home/raelon/Projects/pyShelf/src/backend/lib/config.py:19: warning: Member VERSION (variable) of class pyShelf::src::backend::lib::config::Config is not documented.
/home/raelon/Projects/pyShelf/src/backend/lib/config.py:21: warning: Member book_shelf (variable) of class pyShelf::src::backend::lib::config::Config is not documented.
/home/raelon/Projects/pyShelf/src/backend/lib/config.py:24: warning: Member catalogue_db (variable) of class pyShelf::src::backend::lib::config::Config is not documented.
/home/raelon/Projects/pyShelf/src/backend/lib/config.py:25: warning: Member user (variable) of class pyShelf::src::backend::lib::config::Config is not documented.
/home/raelon/Projects/pyShelf/src/backend/lib/config.py:26: warning: Member password (variable) of class pyShelf::src::backend::lib::config::Config is not documented.
/home/raelon/Projects/pyShelf/src/backend/lib/config.py:27: warning: Member file_array (variable) of class pyShelf::src::backend::lib::config::Config is not documented.
/home/raelon/Projects/pyShelf/src/backend/lib/config.py:31: warning: Member root (variable) of class pyShelf::src::backend::lib::config::Config is not documented.
/home/raelon/Projects/pyShelf/src/backend/lib/config.py:32: warning: Member auto_scan (variable) of class pyShelf::src::backend::lib::config::Config is not documented.
/home/raelon/Projects/pyShelf/src/backend/lib/config.py:34: warning: return type of member pyShelf.src.backend.lib.config.Config.open_file is not documented
/home/raelon/Projects/pyShelf/src/backend/lib/library.py:22: warning: Member __init__(self, config) (function) of class pyShelf::src::backend::lib::library::Catalogue is not documented.
/home/raelon/Projects/pyShelf/src/backend/lib/library.py:23: warning: Member file_list (variable) of class pyShelf::src::backend::lib::library::Catalogue is not documented.
/home/raelon/Projects/pyShelf/src/backend/lib/library.py:24: warning: Member opf_regx (variable) of class pyShelf::src::backend::lib::library::Catalogue is not documented.
/home/raelon/Projects/pyShelf/src/backend/lib/library.py:25: warning: Member cover_regx (variable) of class pyShelf::src::backend::lib::library::Catalogue is not documented.
/home/raelon/Projects/pyShelf/src/backend/lib/library.py:26: warning: Member html_regx (variable) of class pyShelf::src::backend::lib::library::Catalogue is not documented.
/home/raelon/Projects/pyShelf/src/backend/lib/library.py:27: warning: Member root_dir (variable) of class pyShelf::src::backend::lib::library::Catalogue is not documented.
/home/raelon/Projects/pyShelf/src/backend/lib/library.py:28: warning: Member book_folder (variable) of class pyShelf::src::backend::lib::library::Catalogue is not documented.
/home/raelon/Projects/pyShelf/src/backend/lib/library.py:29: warning: Member book_shelf (variable) of class pyShelf::src::backend::lib::library::Catalogue is not documented.
/home/raelon/Projects/pyShelf/src/backend/lib/library.py:31: warning: Member books (variable) of class pyShelf::src::backend::lib::library::Catalogue is not documented.
/home/raelon/Projects/pyShelf/src/backend/lib/library.py:32: warning: Member db_pointer (variable) of class pyShelf::src::backend::lib::library::Catalogue is not documented.
/home/raelon/Projects/pyShelf/src/backend/lib/library.py:33: warning: Member config (variable) of class pyShelf::src::backend::lib::library::Catalogue is not documented.
/home/raelon/Projects/pyShelf/src/backend/lib/library.py:140: warning: return type of member pyShelf.src.backend.lib.library.Catalogue.compare_shelf_current is not documented
/home/raelon/Projects/pyShelf/src/backend/lib/library.py:115: warning: return type of member pyShelf.src.backend.lib.library.Catalogue.extract_content is not documented
/home/raelon/Projects/pyShelf/src/backend/lib/library.py:122: warning: return type of member pyShelf.src.backend.lib.library.Catalogue.extract_cover_html is not documented
/home/raelon/Projects/pyShelf/src/backend/lib/library.py:129: warning: return type of member pyShelf.src.backend.lib.library.Catalogue.extract_cover_image is not documented
/home/raelon/Projects/pyShelf/src/backend/lib/library.py:89: warning: return type of member pyShelf.src.backend.lib.library.Catalogue.extract_metadata is not documented
/home/raelon/Projects/pyShelf/src/backend/lib/library.py:52: warning: return type of member pyShelf.src.backend.lib.library.Catalogue.filter_books is not documented
/home/raelon/Projects/pyShelf/src/backend/lib/library.py:158: warning: return type of member pyShelf.src.backend.lib.library.Catalogue.import_books is not documented
/home/raelon/Projects/pyShelf/src/backend/lib/library.py:73: warning: return type of member pyShelf.src.backend.lib.library.Catalogue.process_book is not documented
/home/raelon/Projects/pyShelf/src/backend/lib/library.py:35: warning: return type of member pyShelf.src.backend.lib.library.Catalogue.scan_folder is not documented
/home/raelon/Projects/pyShelf/src/backend/lib/pyShelf.py:45: warning: Member books_per_page (variable) of class pyShelf::src::backend::lib::pyShelf::BookDisplay is not documented.
/home/raelon/Projects/pyShelf/src/backend/lib/pyShelf.py:46: warning: Member current_page (variable) of class pyShelf::src::backend::lib::pyShelf::BookDisplay is not documented.
/home/raelon/Projects/pyShelf/src/backend/lib/pyShelf.py:47: warning: Member thumbnail_size (variable) of class pyShelf::src::backend::lib::pyShelf::BookDisplay is not documented.
/home/raelon/Projects/pyShelf/src/backend/lib/pyShelf.py:48: warning: Member thumbnail_scale (variable) of class pyShelf::src::backend::lib::pyShelf::BookDisplay is not documented.
/home/raelon/Projects/pyShelf/src/backend/lib/pyShelf.py:49: warning: Member total_pages (variable) of class pyShelf::src::backend::lib::pyShelf::BookDisplay is not documented.
/home/raelon/Projects/pyShelf/src/backend/lib/pyShelf.py:51: warning: Member screen_size (variable) of class pyShelf::src::backend::lib::pyShelf::BookDisplay is not documented.
/home/raelon/Projects/pyShelf/src/backend/lib/pyShelf.py:40: warning: parameters of member pyShelf.src.backend.lib.pyShelf.BookDisplay.__init__ are not (all) documented
/home/raelon/Projects/pyShelf/src/backend/lib/pyShelf.py:73: warning: return type of member pyShelf.src.backend.lib.pyShelf.BookDisplay.booksPerPage is not documented
/home/raelon/Projects/pyShelf/src/backend/lib/pyShelf.py:55: warning: return type of member pyShelf.src.backend.lib.pyShelf.BookDisplay.nextPage is not documented
/home/raelon/Projects/pyShelf/src/backend/lib/pyShelf.py:64: warning: return type of member pyShelf.src.backend.lib.pyShelf.BookDisplay.previousPage is not documented
/home/raelon/Projects/pyShelf/src/backend/lib/pyShelf.py:15: warning: Member __init__(self, file_array) (function) of class pyShelf::src::backend::lib::pyShelf::InitFiles is not documented.
/home/raelon/Projects/pyShelf/src/backend/lib/pyShelf.py:27: warning: return type of member pyShelf.src.backend.lib.pyShelf.InitFiles.CreateFile is not documented
/home/raelon/Projects/pyShelf/src/backend/lib/storage.py:14: warning: Member __init__(self, db_pointer, config) (function) of class pyShelf::src::backend::lib::storage::Storage is not documented.
/home/raelon/Projects/pyShelf/src/backend/lib/storage.py:16: warning: Member sql (variable) of class pyShelf::src::backend::lib::storage::Storage is not documented.
/home/raelon/Projects/pyShelf/src/backend/lib/storage.py:17: warning: Member user (variable) of class pyShelf::src::backend::lib::storage::Storage is not documented.
/home/raelon/Projects/pyShelf/src/backend/lib/storage.py:18: warning: Member password (variable) of class pyShelf::src::backend::lib::storage::Storage is not documented.
/home/raelon/Projects/pyShelf/src/backend/lib/storage.py:26: warning: Member db (variable) of class pyShelf::src::backend::lib::storage::Storage is not documented.
/home/raelon/Projects/pyShelf/src/backend/lib/storage.py:27: warning: Member cursor (variable) of class pyShelf::src::backend::lib::storage::Storage is not documented.
/home/raelon/Projects/pyShelf/src/backend/lib/storage.py:71: warning: return type of member pyShelf.src.backend.lib.storage.Storage.book_paths_list is not documented
/home/raelon/Projects/pyShelf/src/backend/lib/storage.py:93: warning: return type of member pyShelf.src.backend.lib.storage.Storage.close is not documented
/home/raelon/Projects/pyShelf/src/backend/lib/storage.py:83: warning: return type of member pyShelf.src.backend.lib.storage.Storage.commit is not documented
/home/raelon/Projects/pyShelf/src/backend/lib/storage.py:34: warning: return type of member pyShelf.src.backend.lib.storage.Storage.create_tables is not documented
/home/raelon/Projects/pyShelf/src/backend/lib/storage.py:22: warning: return type of member pyShelf.src.backend.lib.storage.Storage.database is not documented
/home/raelon/Projects/pyShelf/src/backend/lib/storage.py:45: warning: return type of member pyShelf.src.backend.lib.storage.Storage.insert_book is not documented
/home/raelon/Projects/pyShelf/src/backend/tests/config_test.py:9: warning: Member test_book_dir(self) (function) of class pyShelf::src::backend::tests::config_test::TestConfig is not documented.
/home/raelon/Projects/pyShelf/src/backend/tests/config_test.py:12: warning: Member test_title(self) (function) of class pyShelf::src::backend::tests::config_test::TestConfig is not documented.
/home/raelon/Projects/pyShelf/src/backend/tests/config_test.py:15: warning: Member test_version(self) (function) of class pyShelf::src::backend::tests::config_test::TestConfig is not documented.
/home/raelon/Projects/pyShelf/src/backend/tests/config_test.py:7: warning: Member config (variable) of class pyShelf::src::backend::tests::config_test::TestConfig is not documented.
/home/raelon/Projects/pyShelf/src/backend/tests/library_test.py:20: warning: Member __init__(self) (function) of class pyShelf::src::backend::tests::library_test::Test_Catalogue is not documented.
/home/raelon/Projects/pyShelf/src/backend/tests/library_test.py:24: warning: Member book_shelf (variable) of class pyShelf::src::backend::tests::library_test::Test_Catalogue is not documented.
/home/raelon/Projects/pyShelf/src/backend/lib/library.py:23: warning: Member file_list (variable) of class pyShelf::src::backend::lib::library::Catalogue is not documented.
/home/raelon/Projects/pyShelf/src/backend/lib/library.py:24: warning: Member opf_regx (variable) of class pyShelf::src::backend::lib::library::Catalogue is not documented.
/home/raelon/Projects/pyShelf/src/backend/lib/library.py:25: warning: Member cover_regx (variable) of class pyShelf::src::backend::lib::library::Catalogue is not documented.
/home/raelon/Projects/pyShelf/src/backend/lib/library.py:26: warning: Member html_regx (variable) of class pyShelf::src::backend::lib::library::Catalogue is not documented.
/home/raelon/Projects/pyShelf/src/backend/lib/library.py:27: warning: Member root_dir (variable) of class pyShelf::src::backend::lib::library::Catalogue is not documented.
/home/raelon/Projects/pyShelf/src/backend/lib/library.py:28: warning: Member book_folder (variable) of class pyShelf::src::backend::lib::library::Catalogue is not documented.
/home/raelon/Projects/pyShelf/src/backend/lib/library.py:31: warning: Member books (variable) of class pyShelf::src::backend::lib::library::Catalogue is not documented.
/home/raelon/Projects/pyShelf/src/backend/lib/library.py:32: warning: Member db_pointer (variable) of class pyShelf::src::backend::lib::library::Catalogue is not documented.
/home/raelon/Projects/pyShelf/src/backend/lib/library.py:33: warning: Member config (variable) of class pyShelf::src::backend::lib::library::Catalogue is not documented.
/home/raelon/Projects/pyShelf/src/backend/lib/library.py:140: warning: return type of member pyShelf.src.backend.lib.library.Catalogue.compare_shelf_current is not documented
/home/raelon/Projects/pyShelf/src/backend/lib/library.py:115: warning: return type of member pyShelf.src.backend.lib.library.Catalogue.extract_content is not documented
/home/raelon/Projects/pyShelf/src/backend/lib/library.py:122: warning: return type of member pyShelf.src.backend.lib.library.Catalogue.extract_cover_html is not documented
/home/raelon/Projects/pyShelf/src/backend/lib/library.py:129: warning: return type of member pyShelf.src.backend.lib.library.Catalogue.extract_cover_image is not documented
/home/raelon/Projects/pyShelf/src/backend/lib/library.py:89: warning: return type of member pyShelf.src.backend.lib.library.Catalogue.extract_metadata is not documented
/home/raelon/Projects/pyShelf/src/backend/tests/library_test.py:23: warning: return type of member pyShelf.src.backend.tests.library_test.Test_Catalogue.filter_books is not documented
/home/raelon/Projects/pyShelf/src/backend/lib/library.py:158: warning: return type of member pyShelf.src.backend.lib.library.Catalogue.import_books is not documented
/home/raelon/Projects/pyShelf/src/backend/lib/library.py:73: warning: return type of member pyShelf.src.backend.lib.library.Catalogue.process_book is not documented
/home/raelon/Projects/pyShelf/src/backend/lib/library.py:35: warning: return type of member pyShelf.src.backend.lib.library.Catalogue.scan_folder is not documented
/home/raelon/Projects/pyShelf/src/backend/tests/library_test.py:9: warning: Member __init__(self) (function) of class pyShelf::src::backend::tests::library_test::Test_Config is not documented.
/home/raelon/Projects/pyShelf/src/backend/lib/config.py:17: warning: Member book_path (variable) of class pyShelf::src::backend::lib::config::Config is not documented.
/home/raelon/Projects/pyShelf/src/backend/lib/config.py:18: warning: Member TITLE (variable) of class pyShelf::src::backend::lib::config::Config is not documented.
/home/raelon/Projects/pyShelf/src/backend/lib/config.py:19: warning: Member VERSION (variable) of class pyShelf::src::backend::lib::config::Config is not documented.
/home/raelon/Projects/pyShelf/src/backend/lib/config.py:21: warning: Member book_shelf (variable) of class pyShelf::src::backend::lib::config::Config is not documented.
/home/raelon/Projects/pyShelf/src/backend/lib/config.py:24: warning: Member catalogue_db (variable) of class pyShelf::src::backend::lib::config::Config is not documented.
/home/raelon/Projects/pyShelf/src/backend/lib/config.py:25: warning: Member user (variable) of class pyShelf::src::backend::lib::config::Config is not documented.
/home/raelon/Projects/pyShelf/src/backend/lib/config.py:26: warning: Member password (variable) of class pyShelf::src::backend::lib::config::Config is not documented.
/home/raelon/Projects/pyShelf/src/backend/lib/config.py:27: warning: Member file_array (variable) of class pyShelf::src::backend::lib::config::Config is not documented.
/home/raelon/Projects/pyShelf/src/backend/lib/config.py:31: warning: Member root (variable) of class pyShelf::src::backend::lib::config::Config is not documented.
/home/raelon/Projects/pyShelf/src/backend/lib/config.py:32: warning: Member auto_scan (variable) of class pyShelf::src::backend::lib::config::Config is not documented.
/home/raelon/Projects/pyShelf/src/backend/tests/library_test.py:13: warning: return type of member pyShelf.src.backend.tests.library_test.Test_Config.open_file is not documented
/home/raelon/Projects/pyShelf/src/backend/tests/library_test.py:32: warning: Member test_filter_books(self) (function) of class pyShelf::src::backend::tests::library_test::TestCatalogue is not documented.
/home/raelon/Projects/pyShelf/src/backend/tests/library_test.py:29: warning: Member root (variable) of class pyShelf::src::backend::tests::library_test::TestCatalogue is not documented.
/home/raelon/Projects/pyShelf/src/backend/tests/library_test.py:30: warning: Member config (variable) of class pyShelf::src::backend::tests::library_test::TestCatalogue is not documented.
/home/raelon/Projects/pyShelf/src/frontend/settings.py:16: warning: Member BASE_DIR (variable) of namespace pyShelf::src::frontend::settings is not documented.
/home/raelon/Projects/pyShelf/src/frontend/settings.py:23: warning: Member SECRET_KEY (variable) of namespace pyShelf::src::frontend::settings is not documented.
/home/raelon/Projects/pyShelf/src/frontend/settings.py:26: warning: Member DEBUG (variable) of namespace pyShelf::src::frontend::settings is not documented.
/home/raelon/Projects/pyShelf/src/frontend/settings.py:28: warning: Member ALLOWED_HOSTS (variable) of namespace pyShelf::src::frontend::settings is not documented.
/home/raelon/Projects/pyShelf/src/frontend/settings.py:33: warning: Member INSTALLED_APPS (variable) of namespace pyShelf::src::frontend::settings is not documented.
/home/raelon/Projects/pyShelf/src/frontend/settings.py:45: warning: Member MIDDLEWARE (variable) of namespace pyShelf::src::frontend::settings is not documented.
/home/raelon/Projects/pyShelf/src/frontend/settings.py:56: warning: Member INTERNAL_IPS (variable) of namespace pyShelf::src::frontend::settings is not documented.
/home/raelon/Projects/pyShelf/src/frontend/settings.py:62: warning: Member ROOT_URLCONF (variable) of namespace pyShelf::src::frontend::settings is not documented.
/home/raelon/Projects/pyShelf/src/frontend/settings.py:64: warning: Member TEMPLATES (variable) of namespace pyShelf::src::frontend::settings is not documented.
/home/raelon/Projects/pyShelf/src/frontend/settings.py:80: warning: Member WSGI_APPLICATION (variable) of namespace pyShelf::src::frontend::settings is not documented.
/home/raelon/Projects/pyShelf/src/frontend/settings.py:86: warning: Member DATABASES (variable) of namespace pyShelf::src::frontend::settings is not documented.
/home/raelon/Projects/pyShelf/src/frontend/settings.py:100: warning: Member AUTH_PASSWORD_VALIDATORS (variable) of namespace pyShelf::src::frontend::settings is not documented.
/home/raelon/Projects/pyShelf/src/frontend/settings.py:113: warning: Member LANGUAGE_CODE (variable) of namespace pyShelf::src::frontend::settings is not documented.
/home/raelon/Projects/pyShelf/src/frontend/settings.py:115: warning: Member TIME_ZONE (variable) of namespace pyShelf::src::frontend::settings is not documented.
/home/raelon/Projects/pyShelf/src/frontend/settings.py:117: warning: Member USE_I18N (variable) of namespace pyShelf::src::frontend::settings is not documented.
/home/raelon/Projects/pyShelf/src/frontend/settings.py:119: warning: Member USE_L10N (variable) of namespace pyShelf::src::frontend::settings is not documented.
/home/raelon/Projects/pyShelf/src/frontend/settings.py:121: warning: Member USE_TZ (variable) of namespace pyShelf::src::frontend::settings is not documented.
/home/raelon/Projects/pyShelf/src/frontend/settings.py:127: warning: Member STATIC_URL (variable) of namespace pyShelf::src::frontend::settings is not documented.
/home/raelon/Projects/pyShelf/src/frontend/settings.py:128: warning: Member STATIC_ROOT (variable) of namespace pyShelf::src::frontend::settings is not documented.
/home/raelon/Projects/pyShelf/src/frontend/settings.py:100: warning: parameters of member pyShelf.src.frontend.settings.AUTH_PASSWORD_VALIDATORS are not (all) documented
/home/raelon/Projects/pyShelf/src/frontend/settings.py:86: warning: parameters of member pyShelf.src.frontend.settings.DATABASES are not (all) documented
/home/raelon/Projects/pyShelf/src/frontend/settings.py:33: warning: parameters of member pyShelf.src.frontend.settings.INSTALLED_APPS are not (all) documented
/home/raelon/Projects/pyShelf/src/frontend/settings.py:56: warning: parameters of member pyShelf.src.frontend.settings.INTERNAL_IPS are not (all) documented
/home/raelon/Projects/pyShelf/src/frontend/settings.py:45: warning: parameters of member pyShelf.src.frontend.settings.MIDDLEWARE are not (all) documented
/home/raelon/Projects/pyShelf/src/frontend/settings.py:64: warning: parameters of member pyShelf.src.frontend.settings.TEMPLATES are not (all) documented
/home/raelon/Projects/pyShelf/src/frontend/urls.py:21: warning: Member urlpatterns (variable) of namespace pyShelf::src::frontend::urls is not documented.
/home/raelon/Projects/pyShelf/src/frontend/urls.py:21: warning: parameters of member pyShelf.src.frontend.urls.urlpatterns are not (all) documented
/home/raelon/Projects/pyShelf/src/frontend/wsgi.py:16: warning: Member application (variable) of namespace pyShelf::src::frontend::wsgi is not documented.
/home/raelon/Projects/pyShelf/src/interface/apps.py:5: warning: Member name (variable) of class pyShelf::src::interface::apps::InterfaceConfig is not documented.
/home/raelon/Projects/pyShelf/src/interface/migrations/0001_initial.py:8: warning: Member initial (variable) of class pyShelf::src::interface::migrations::0001_initial::Migration is not documented.
/home/raelon/Projects/pyShelf/src/interface/migrations/0001_initial.py:10: warning: Member dependencies (variable) of class pyShelf::src::interface::migrations::0001_initial::Migration is not documented.
/home/raelon/Projects/pyShelf/src/interface/migrations/0001_initial.py:12: warning: Member operations (variable) of class pyShelf::src::interface::migrations::0001_initial::Migration is not documented.
/home/raelon/Projects/pyShelf/src/interface/migrations/0001_initial.py:12: warning: parameters of member pyShelf.src.interface.migrations.0001_initial.Migration.operations are not (all) documented
/home/raelon/Projects/pyShelf/src/interface/models.py:21: warning: Member __str__(self) (function) of class pyShelf::src::interface::models::Books is not documented.
/home/raelon/Projects/pyShelf/src/interface/models.py:24: warning: Member title (variable) of class pyShelf::src::interface::models::Books is not documented.
/home/raelon/Projects/pyShelf/src/interface/models.py:25: warning: Member author (variable) of class pyShelf::src::interface::models::Books is not documented.
/home/raelon/Projects/pyShelf/src/interface/models.py:26: warning: Member categories (variable) of class pyShelf::src::interface::models::Books is not documented.
/home/raelon/Projects/pyShelf/src/interface/models.py:27: warning: Member cover (variable) of class pyShelf::src::interface::models::Books is not documented.
/home/raelon/Projects/pyShelf/src/interface/models.py:28: warning: Member pages (variable) of class pyShelf::src::interface::models::Books is not documented.
/home/raelon/Projects/pyShelf/src/interface/models.py:29: warning: Member progress (variable) of class pyShelf::src::interface::models::Books is not documented.
/home/raelon/Projects/pyShelf/src/interface/models.py:30: warning: Member file_name (variable) of class pyShelf::src::interface::models::Books is not documented.
/home/raelon/Projects/pyShelf/src/interface/models.py:32: warning: return type of member pyShelf.src.interface.models.Books.get_absolute_url is not documented
/home/raelon/Projects/pyShelf/src/interface/models.py:19: warning: Member db_table (variable) of class pyShelf::src::interface::models::Books::Meta is not documented.
/home/raelon/Projects/pyShelf/src/manage.py:7: warning: Member main() (function) of namespace pyShelf::src::manage is not documented.
